<component name="libraryTable">
  <library name="junit41">
    <CLASSES>
      <root url="file://E:/软件/开发软件/junit4.9b2/junit4.9b2" />
    </CLASSES>
    <JAVADOC>
      <root url="file://E:/软件/开发软件/junit4.9b2/junit4.9b2/javadoc" />
    </JAVADOC>
    <SOURCES>
      <root url="file://E:/软件/开发软件/junit4.9b2/junit4.9b2" />
    </SOURCES>
    <jarDirectory url="file://E:/软件/开发软件/junit4.9b2/junit4.9b2" recursive="false" />
    <jarDirectory url="file://E:/软件/开发软件/junit4.9b2/junit4.9b2" recursive="false" type="SOURCES" />
  </library>
</component>