<component name="libraryTable">
  <library name="junit4">
    <CLASSES>
      <root url="jar://D:/开发工具/Junit 4.11/junit-4.11.jar!/" />
      <root url="jar://D:/开发工具/Junit 4.11/hamcrest-core-1.3.jar!/" />
    </CLASSES>
    <JAVADOC />
    <SOURCES />
  </library>
</component>